2017/03/11 17:11:27 [error] [php] Undefined variable: layout (/Applications/MAMP/htdocs/GPromo/protected/controllers/GpromoController.php:8)
Stack trace:
#0 /Applications/MAMP/htdocs/yii/framework/web/CController.php(286): GPromoController->runAction()
#1 /Applications/MAMP/htdocs/yii/framework/web/CController.php(265): GPromoController->runActionWithFilters()
#2 /Applications/MAMP/htdocs/yii/framework/web/CWebApplication.php(282): GPromoController->run()
#3 /Applications/MAMP/htdocs/yii/framework/web/CWebApplication.php(141): CWebApplication->runController()
#4 /Applications/MAMP/htdocs/yii/framework/base/CApplication.php(185): CWebApplication->processRequest()
#5 /Applications/MAMP/htdocs/GPromo/index.php(13): CWebApplication->run()
REQUEST_URI=/GPromo/index.php?r=Gpromo/contacto
in /Applications/MAMP/htdocs/GPromo/protected/controllers/GpromoController.php (8)
in /Applications/MAMP/htdocs/GPromo/index.php (13)
2017/03/11 17:11:49 [error] [php] Undefined variable: layout (/Applications/MAMP/htdocs/GPromo/protected/controllers/GpromoController.php:8)
Stack trace:
#0 /Applications/MAMP/htdocs/yii/framework/web/CController.php(286): GPromoController->runAction()
#1 /Applications/MAMP/htdocs/yii/framework/web/CController.php(265): GPromoController->runActionWithFilters()
#2 /Applications/MAMP/htdocs/yii/framework/web/CWebApplication.php(282): GPromoController->run()
#3 /Applications/MAMP/htdocs/yii/framework/web/CWebApplication.php(141): CWebApplication->runController()
#4 /Applications/MAMP/htdocs/yii/framework/base/CApplication.php(185): CWebApplication->processRequest()
#5 /Applications/MAMP/htdocs/GPromo/index.php(13): CWebApplication->run()
REQUEST_URI=/GPromo/index.php?r=Gpromo/contacto
in /Applications/MAMP/htdocs/GPromo/protected/controllers/GpromoController.php (8)
in /Applications/MAMP/htdocs/GPromo/index.php (13)
2017/03/11 17:13:04 [error] [exception.CException] CException: GPromoController has an extra endWidget(CContentDecorator) call in its view. in /Applications/MAMP/htdocs/yii/framework/web/CBaseController.php:218
Stack trace:
#0 /Applications/MAMP/htdocs/yii/framework/web/CBaseController.php(308): CBaseController->endWidget('CContentDecorat...')
#1 /Applications/MAMP/htdocs/GPromo/protected/views/layouts/column1.php(6): CBaseController->endContent()
#2 /Applications/MAMP/htdocs/yii/framework/web/CBaseController.php(126): require('/Applications/M...')
#3 /Applications/MAMP/htdocs/yii/framework/web/CBaseController.php(95): CBaseController->renderInternal('/Applications/M...', Array, true)
#4 /Applications/MAMP/htdocs/yii/framework/web/CController.php(784): CBaseController->renderFile('/Applications/M...', Array, true)
#5 /Applications/MAMP/htdocs/GPromo/protected/controllers/GpromoController.php(9): CController->render('contacto')
#6 /Applications/MAMP/htdocs/yii/framework/web/actions/CInlineAction.php(49): GPromoController->actionContacto()
#7 /Applications/MAMP/htdocs/yii/framework/web/CController.php(308): CInlineAction->runWithParams(Array)
#8 /Applications/MAMP/htdocs/yii/framework/web/CController.php(286): CController->runAction(Object(CInlineAction))
#9 /Applications/MAMP/htdocs/yii/framework/web/CController.php(265): CController->runActionWithFilters(Object(CInlineAction), Array)
#10 /Applications/MAMP/htdocs/yii/framework/web/CWebApplication.php(282): CController->run('contacto')
#11 /Applications/MAMP/htdocs/yii/framework/web/CWebApplication.php(141): CWebApplication->runController('Gpromo/contacto')
#12 /Applications/MAMP/htdocs/yii/framework/base/CApplication.php(185): CWebApplication->processRequest()
#13 /Applications/MAMP/htdocs/GPromo/index.php(13): CApplication->run()
#14 {main}
REQUEST_URI=/GPromo/index.php?r=Gpromo/contacto
---
2017/03/11 20:35:52 [error] [exception.CException] CException: SiteController has an extra endWidget(CContentDecorator) call in its view. in /Applications/MAMP/htdocs/yii/framework/web/CBaseController.php:218
Stack trace:
#0 /Applications/MAMP/htdocs/yii/framework/web/CBaseController.php(308): CBaseController->endWidget('CContentDecorat...')
#1 /Applications/MAMP/htdocs/GPromo/protected/views/layouts/column1.php(6): CBaseController->endContent()
#2 /Applications/MAMP/htdocs/yii/framework/web/CBaseController.php(126): require('/Applications/M...')
#3 /Applications/MAMP/htdocs/yii/framework/web/CBaseController.php(95): CBaseController->renderInternal('/Applications/M...', Array, true)
#4 /Applications/MAMP/htdocs/yii/framework/web/CController.php(784): CBaseController->renderFile('/Applications/M...', Array, true)
#5 /Applications/MAMP/htdocs/GPromo/protected/controllers/SiteController.php(32): CController->render('index')
#6 /Applications/MAMP/htdocs/yii/framework/web/actions/CInlineAction.php(49): SiteController->actionIndex()
#7 /Applications/MAMP/htdocs/yii/framework/web/CController.php(308): CInlineAction->runWithParams(Array)
#8 /Applications/MAMP/htdocs/yii/framework/web/CController.php(286): CController->runAction(Object(CInlineAction))
#9 /Applications/MAMP/htdocs/yii/framework/web/CController.php(265): CController->runActionWithFilters(Object(CInlineAction), Array)
#10 /Applications/MAMP/htdocs/yii/framework/web/CWebApplication.php(282): CController->run('')
#11 /Applications/MAMP/htdocs/yii/framework/web/CWebApplication.php(141): CWebApplication->runController('')
#12 /Applications/MAMP/htdocs/yii/framework/base/CApplication.php(185): CWebApplication->processRequest()
#13 /Applications/MAMP/htdocs/GPromo/index.php(13): CApplication->run()
#14 {main}
REQUEST_URI=/GPromo/index.php
---
2017/03/11 20:52:34 [error] [exception.CHttpException.404] CHttpException: Unable to resolve the request "admin". in /Applications/MAMP/htdocs/yii/framework/web/CWebApplication.php:286
Stack trace:
#0 /Applications/MAMP/htdocs/yii/framework/web/CWebApplication.php(141): CWebApplication->runController('admin')
#1 /Applications/MAMP/htdocs/yii/framework/base/CApplication.php(185): CWebApplication->processRequest()
#2 /Applications/MAMP/htdocs/GPromo/index.php(13): CApplication->run()
#3 {main}
REQUEST_URI=/GPromo/index.php?r=admin
---
2017/03/11 20:52:45 [error] [exception.CException] CException: DefaultController has an extra endWidget(CContentDecorator) call in its view. in /Applications/MAMP/htdocs/yii/framework/web/CBaseController.php:218
Stack trace:
#0 /Applications/MAMP/htdocs/yii/framework/web/CBaseController.php(308): CBaseController->endWidget('CContentDecorat...')
#1 /Applications/MAMP/htdocs/GPromo/protected/views/layouts/column1.php(6): CBaseController->endContent()
#2 /Applications/MAMP/htdocs/yii/framework/web/CBaseController.php(126): require('/Applications/M...')
#3 /Applications/MAMP/htdocs/yii/framework/web/CBaseController.php(95): CBaseController->renderInternal('/Applications/M...', Array, true)
#4 /Applications/MAMP/htdocs/yii/framework/web/CController.php(784): CBaseController->renderFile('/Applications/M...', Array, true)
#5 /Applications/MAMP/htdocs/GPromo/protected/modules/Admin/controllers/DefaultController.php(7): CController->render('index')
#6 /Applications/MAMP/htdocs/yii/framework/web/actions/CInlineAction.php(49): DefaultController->actionIndex()
#7 /Applications/MAMP/htdocs/yii/framework/web/CController.php(308): CInlineAction->runWithParams(Array)
#8 /Applications/MAMP/htdocs/yii/framework/web/CController.php(286): CController->runAction(Object(CInlineAction))
#9 /Applications/MAMP/htdocs/yii/framework/web/CController.php(265): CController->runActionWithFilters(Object(CInlineAction), Array)
#10 /Applications/MAMP/htdocs/yii/framework/web/CWebApplication.php(282): CController->run('')
#11 /Applications/MAMP/htdocs/yii/framework/web/CWebApplication.php(141): CWebApplication->runController('Admin')
#12 /Applications/MAMP/htdocs/yii/framework/base/CApplication.php(185): CWebApplication->processRequest()
#13 /Applications/MAMP/htdocs/GPromo/index.php(13): CApplication->run()
#14 {main}
REQUEST_URI=/GPromo/index.php?r=Admin
---
2017/03/11 20:52:53 [error] [exception.CHttpException.404] CHttpException: Unable to resolve the request "Admin/index". in /Applications/MAMP/htdocs/yii/framework/web/CWebApplication.php:286
Stack trace:
#0 /Applications/MAMP/htdocs/yii/framework/web/CWebApplication.php(141): CWebApplication->runController('Admin/index')
#1 /Applications/MAMP/htdocs/yii/framework/base/CApplication.php(185): CWebApplication->processRequest()
#2 /Applications/MAMP/htdocs/GPromo/index.php(13): CApplication->run()
#3 {main}
REQUEST_URI=/GPromo/index.php?r=Admin/index
---
2017/03/11 20:53:19 [error] [exception.CHttpException.404] CHttpException: Unable to resolve the request "Admin/index". in /Applications/MAMP/htdocs/yii/framework/web/CWebApplication.php:286
Stack trace:
#0 /Applications/MAMP/htdocs/yii/framework/web/CWebApplication.php(141): CWebApplication->runController('Admin/index')
#1 /Applications/MAMP/htdocs/yii/framework/base/CApplication.php(185): CWebApplication->processRequest()
#2 /Applications/MAMP/htdocs/GPromo/index.php(13): CApplication->run()
#3 {main}
REQUEST_URI=/GPromo/index.php?r=Admin/index
---
2017/03/11 20:53:24 [error] [exception.CHttpException.404] CHttpException: Unable to resolve the request "Admin/views/default". in /Applications/MAMP/htdocs/yii/framework/web/CWebApplication.php:286
Stack trace:
#0 /Applications/MAMP/htdocs/yii/framework/web/CWebApplication.php(141): CWebApplication->runController('Admin/views/def...')
#1 /Applications/MAMP/htdocs/yii/framework/base/CApplication.php(185): CWebApplication->processRequest()
#2 /Applications/MAMP/htdocs/GPromo/index.php(13): CApplication->run()
#3 {main}
REQUEST_URI=/GPromo/index.php?r=Admin/views/default
---
2017/03/11 20:53:30 [error] [exception.CHttpException.404] CHttpException: Unable to resolve the request "Admin/views/default/index.php". in /Applications/MAMP/htdocs/yii/framework/web/CWebApplication.php:286
Stack trace:
#0 /Applications/MAMP/htdocs/yii/framework/web/CWebApplication.php(141): CWebApplication->runController('Admin/views/def...')
#1 /Applications/MAMP/htdocs/yii/framework/base/CApplication.php(185): CWebApplication->processRequest()
#2 /Applications/MAMP/htdocs/GPromo/index.php(13): CApplication->run()
#3 {main}
REQUEST_URI=/GPromo/index.php?r=Admin/views/default/index.php
---
2017/03/11 20:53:40 [error] [exception.CHttpException.404] CHttpException: Unable to resolve the request "Admin/views/default/index.php". in /Applications/MAMP/htdocs/yii/framework/web/CWebApplication.php:286
Stack trace:
#0 /Applications/MAMP/htdocs/yii/framework/web/CWebApplication.php(141): CWebApplication->runController('Admin/views/def...')
#1 /Applications/MAMP/htdocs/yii/framework/base/CApplication.php(185): CWebApplication->processRequest()
#2 /Applications/MAMP/htdocs/GPromo/index.php(13): CApplication->run()
#3 {main}
REQUEST_URI=/GPromo/index.php?r=Admin/views/default/index.php
---
2017/03/11 20:53:40 [error] [exception.CException] CException: DefaultController has an extra endWidget(CContentDecorator) call in its view. in /Applications/MAMP/htdocs/yii/framework/web/CBaseController.php:218
Stack trace:
#0 /Applications/MAMP/htdocs/yii/framework/web/CBaseController.php(308): CBaseController->endWidget('CContentDecorat...')
#1 /Applications/MAMP/htdocs/GPromo/protected/views/layouts/column1.php(6): CBaseController->endContent()
#2 /Applications/MAMP/htdocs/yii/framework/web/CBaseController.php(126): require('/Applications/M...')
#3 /Applications/MAMP/htdocs/yii/framework/web/CBaseController.php(95): CBaseController->renderInternal('/Applications/M...', Array, true)
#4 /Applications/MAMP/htdocs/yii/framework/web/CController.php(784): CBaseController->renderFile('/Applications/M...', Array, true)
#5 /Applications/MAMP/htdocs/GPromo/protected/modules/Admin/controllers/DefaultController.php(7): CController->render('index')
#6 /Applications/MAMP/htdocs/yii/framework/web/actions/CInlineAction.php(49): DefaultController->actionIndex()
#7 /Applications/MAMP/htdocs/yii/framework/web/CController.php(308): CInlineAction->runWithParams(Array)
#8 /Applications/MAMP/htdocs/yii/framework/web/CController.php(286): CController->runAction(Object(CInlineAction))
#9 /Applications/MAMP/htdocs/yii/framework/web/CController.php(265): CController->runActionWithFilters(Object(CInlineAction), Array)
#10 /Applications/MAMP/htdocs/yii/framework/web/CWebApplication.php(282): CController->run('')
#11 /Applications/MAMP/htdocs/yii/framework/web/CWebApplication.php(141): CWebApplication->runController('Admin/')
#12 /Applications/MAMP/htdocs/yii/framework/base/CApplication.php(185): CWebApplication->processRequest()
#13 /Applications/MAMP/htdocs/GPromo/index.php(13): CApplication->run()
#14 {main}
REQUEST_URI=/GPromo/index.php?r=Admin/
---
2017/03/11 21:03:35 [error] [exception.CException] CException: Alias "modules.Admin" is invalid. Make sure it points to an existing directory or file. in /Applications/MAMP/htdocs/yii/framework/YiiBase.php:295
Stack trace:
#0 /Applications/MAMP/htdocs/yii/framework/YiiBase.php(196): YiiBase::import('modules\\Admin\\A...', true)
#1 /Applications/MAMP/htdocs/yii/framework/base/CModule.php(282): YiiBase::createComponent(Array, 'Admin', NULL, Array)
#2 /Applications/MAMP/htdocs/yii/framework/web/CWebApplication.php(337): CModule->getModule('Admin')
#3 /Applications/MAMP/htdocs/yii/framework/web/CWebApplication.php(276): CWebApplication->createController('Default/inde/')
#4 /Applications/MAMP/htdocs/yii/framework/web/CWebApplication.php(141): CWebApplication->runController('Admin/Default/i...')
#5 /Applications/MAMP/htdocs/yii/framework/base/CApplication.php(185): CWebApplication->processRequest()
#6 /Applications/MAMP/htdocs/GPromo/index.php(13): CApplication->run()
#7 {main}
REQUEST_URI=/GPromo/index.php?r=Admin/Default/inde
---
2017/03/11 21:03:38 [error] [exception.CException] CException: Alias "modules.Admin" is invalid. Make sure it points to an existing directory or file. in /Applications/MAMP/htdocs/yii/framework/YiiBase.php:295
Stack trace:
#0 /Applications/MAMP/htdocs/yii/framework/YiiBase.php(196): YiiBase::import('modules\\Admin\\A...', true)
#1 /Applications/MAMP/htdocs/yii/framework/base/CModule.php(282): YiiBase::createComponent(Array, 'Admin', NULL, Array)
#2 /Applications/MAMP/htdocs/yii/framework/web/CWebApplication.php(337): CModule->getModule('Admin')
#3 /Applications/MAMP/htdocs/yii/framework/web/CWebApplication.php(276): CWebApplication->createController('Default/index/')
#4 /Applications/MAMP/htdocs/yii/framework/web/CWebApplication.php(141): CWebApplication->runController('Admin/Default/i...')
#5 /Applications/MAMP/htdocs/yii/framework/base/CApplication.php(185): CWebApplication->processRequest()
#6 /Applications/MAMP/htdocs/GPromo/index.php(13): CApplication->run()
#7 {main}
REQUEST_URI=/GPromo/index.php?r=Admin/Default/index
---
2017/03/11 21:03:40 [error] [exception.CException] CException: Alias "modules.Admin" is invalid. Make sure it points to an existing directory or file. in /Applications/MAMP/htdocs/yii/framework/YiiBase.php:295
Stack trace:
#0 /Applications/MAMP/htdocs/yii/framework/YiiBase.php(196): YiiBase::import('modules\\Admin\\A...', true)
#1 /Applications/MAMP/htdocs/yii/framework/base/CModule.php(282): YiiBase::createComponent(Array, 'Admin', NULL, Array)
#2 /Applications/MAMP/htdocs/yii/framework/web/CWebApplication.php(337): CModule->getModule('Admin')
#3 /Applications/MAMP/htdocs/yii/framework/web/CWebApplication.php(276): CWebApplication->createController('Default/index/')
#4 /Applications/MAMP/htdocs/yii/framework/web/CWebApplication.php(141): CWebApplication->runController('Admin/Default/i...')
#5 /Applications/MAMP/htdocs/yii/framework/base/CApplication.php(185): CWebApplication->processRequest()
#6 /Applications/MAMP/htdocs/GPromo/index.php(13): CApplication->run()
#7 {main}
REQUEST_URI=/GPromo/index.php?r=Admin/Default/index
---
2017/03/11 21:04:06 [error] [exception.CException] CException: Alias "protected.modules.Admin" is invalid. Make sure it points to an existing directory or file. in /Applications/MAMP/htdocs/yii/framework/YiiBase.php:295
Stack trace:
#0 /Applications/MAMP/htdocs/yii/framework/YiiBase.php(196): YiiBase::import('protected\\modul...', true)
#1 /Applications/MAMP/htdocs/yii/framework/base/CModule.php(282): YiiBase::createComponent(Array, 'Admin', NULL, Array)
#2 /Applications/MAMP/htdocs/yii/framework/web/CWebApplication.php(337): CModule->getModule('Admin')
#3 /Applications/MAMP/htdocs/yii/framework/web/CWebApplication.php(276): CWebApplication->createController('Default/index/')
#4 /Applications/MAMP/htdocs/yii/framework/web/CWebApplication.php(141): CWebApplication->runController('Admin/Default/i...')
#5 /Applications/MAMP/htdocs/yii/framework/base/CApplication.php(185): CWebApplication->processRequest()
#6 /Applications/MAMP/htdocs/GPromo/index.php(13): CApplication->run()
#7 {main}
REQUEST_URI=/GPromo/index.php?r=Admin/Default/index
---
2017/03/11 21:05:10 [error] [exception.CException] CException: Alias "/Applications/MAMP/htdocs/GPromo/protected/config.modules.Admin" is invalid. Make sure it points to an existing directory or file. in /Applications/MAMP/htdocs/yii/framework/YiiBase.php:295
Stack trace:
#0 /Applications/MAMP/htdocs/yii/framework/YiiBase.php(196): YiiBase::import('/Applications/M...', true)
#1 /Applications/MAMP/htdocs/yii/framework/base/CModule.php(282): YiiBase::createComponent(Array, 'Admin', NULL, Array)
#2 /Applications/MAMP/htdocs/yii/framework/web/CWebApplication.php(337): CModule->getModule('Admin')
#3 /Applications/MAMP/htdocs/yii/framework/web/CWebApplication.php(276): CWebApplication->createController('Default/index/')
#4 /Applications/MAMP/htdocs/yii/framework/web/CWebApplication.php(141): CWebApplication->runController('Admin/Default/i...')
#5 /Applications/MAMP/htdocs/yii/framework/base/CApplication.php(185): CWebApplication->processRequest()
#6 /Applications/MAMP/htdocs/GPromo/index.php(13): CApplication->run()
#7 {main}
REQUEST_URI=/GPromo/index.php?r=Admin/Default/index
---
2017/03/11 21:05:24 [error] [exception.CException] CException: Alias "/Applications/MAMP/htdocs/GPromo/protected/configmodules.Admin" is invalid. Make sure it points to an existing directory or file. in /Applications/MAMP/htdocs/yii/framework/YiiBase.php:295
Stack trace:
#0 /Applications/MAMP/htdocs/yii/framework/YiiBase.php(196): YiiBase::import('/Applications/M...', true)
#1 /Applications/MAMP/htdocs/yii/framework/base/CModule.php(282): YiiBase::createComponent(Array, 'Admin', NULL, Array)
#2 /Applications/MAMP/htdocs/yii/framework/web/CWebApplication.php(337): CModule->getModule('Admin')
#3 /Applications/MAMP/htdocs/yii/framework/web/CWebApplication.php(276): CWebApplication->createController('Default/index/')
#4 /Applications/MAMP/htdocs/yii/framework/web/CWebApplication.php(141): CWebApplication->runController('Admin/Default/i...')
#5 /Applications/MAMP/htdocs/yii/framework/base/CApplication.php(185): CWebApplication->processRequest()
#6 /Applications/MAMP/htdocs/GPromo/index.php(13): CApplication->run()
#7 {main}
REQUEST_URI=/GPromo/index.php?r=Admin/Default/index
---
2017/03/11 21:05:36 [error] [exception.CException] CException: Alias "/Applications/MAMP/htdocs/GPromo/protected/config.modules.Admin" is invalid. Make sure it points to an existing directory or file. in /Applications/MAMP/htdocs/yii/framework/YiiBase.php:295
Stack trace:
#0 /Applications/MAMP/htdocs/yii/framework/YiiBase.php(196): YiiBase::import('/Applications/M...', true)
#1 /Applications/MAMP/htdocs/yii/framework/base/CModule.php(282): YiiBase::createComponent(Array, 'Admin', NULL, Array)
#2 /Applications/MAMP/htdocs/yii/framework/web/CWebApplication.php(337): CModule->getModule('Admin')
#3 /Applications/MAMP/htdocs/yii/framework/web/CWebApplication.php(276): CWebApplication->createController('Default/index/')
#4 /Applications/MAMP/htdocs/yii/framework/web/CWebApplication.php(141): CWebApplication->runController('Admin/Default/i...')
#5 /Applications/MAMP/htdocs/yii/framework/base/CApplication.php(185): CWebApplication->processRequest()
#6 /Applications/MAMP/htdocs/GPromo/index.php(13): CApplication->run()
#7 {main}
REQUEST_URI=/GPromo/index.php?r=Admin/Default/index
---
2017/03/11 21:10:40 [error] [exception.CException] CException: Alias "/Applications/MAMP/htdocs/GPromo/protected/config.modules.Admin" is invalid. Make sure it points to an existing directory or file. in /Applications/MAMP/htdocs/yii/framework/YiiBase.php:295
Stack trace:
#0 /Applications/MAMP/htdocs/yii/framework/YiiBase.php(196): YiiBase::import('/Applications/M...', true)
#1 /Applications/MAMP/htdocs/yii/framework/base/CModule.php(282): YiiBase::createComponent(Array, 'Admin', NULL, Array)
#2 /Applications/MAMP/htdocs/yii/framework/web/CWebApplication.php(337): CModule->getModule('Admin')
#3 /Applications/MAMP/htdocs/yii/framework/web/CWebApplication.php(276): CWebApplication->createController('Default/index/')
#4 /Applications/MAMP/htdocs/yii/framework/web/CWebApplication.php(141): CWebApplication->runController('Admin/Default/i...')
#5 /Applications/MAMP/htdocs/yii/framework/base/CApplication.php(185): CWebApplication->processRequest()
#6 /Applications/MAMP/htdocs/GPromo/index.php(13): CApplication->run()
#7 {main}
REQUEST_URI=/GPromo/index.php?r=Admin/Default/index
---
2017/03/11 21:10:41 [error] [exception.CException] CException: Alias "/Applications/MAMP/htdocs/GPromo/protected/config.modules.Admin" is invalid. Make sure it points to an existing directory or file. in /Applications/MAMP/htdocs/yii/framework/YiiBase.php:295
Stack trace:
#0 /Applications/MAMP/htdocs/yii/framework/YiiBase.php(196): YiiBase::import('/Applications/M...', true)
#1 /Applications/MAMP/htdocs/yii/framework/base/CModule.php(282): YiiBase::createComponent(Array, 'Admin', NULL, Array)
#2 /Applications/MAMP/htdocs/yii/framework/web/CWebApplication.php(337): CModule->getModule('Admin')
#3 /Applications/MAMP/htdocs/yii/framework/web/CWebApplication.php(276): CWebApplication->createController('Default/index/')
#4 /Applications/MAMP/htdocs/yii/framework/web/CWebApplication.php(141): CWebApplication->runController('Admin/Default/i...')
#5 /Applications/MAMP/htdocs/yii/framework/base/CApplication.php(185): CWebApplication->processRequest()
#6 /Applications/MAMP/htdocs/GPromo/index.php(13): CApplication->run()
#7 {main}
REQUEST_URI=/GPromo/index.php?r=Admin/Default/index
---
2017/03/11 21:10:41 [error] [exception.CException] CException: Alias "/Applications/MAMP/htdocs/GPromo/protected/config.modules.Admin" is invalid. Make sure it points to an existing directory or file. in /Applications/MAMP/htdocs/yii/framework/YiiBase.php:295
Stack trace:
#0 /Applications/MAMP/htdocs/yii/framework/YiiBase.php(196): YiiBase::import('/Applications/M...', true)
#1 /Applications/MAMP/htdocs/yii/framework/base/CModule.php(282): YiiBase::createComponent(Array, 'Admin', NULL, Array)
#2 /Applications/MAMP/htdocs/yii/framework/web/CWebApplication.php(337): CModule->getModule('Admin')
#3 /Applications/MAMP/htdocs/yii/framework/web/CWebApplication.php(276): CWebApplication->createController('Default/index/')
#4 /Applications/MAMP/htdocs/yii/framework/web/CWebApplication.php(141): CWebApplication->runController('Admin/Default/i...')
#5 /Applications/MAMP/htdocs/yii/framework/base/CApplication.php(185): CWebApplication->processRequest()
#6 /Applications/MAMP/htdocs/GPromo/index.php(13): CApplication->run()
#7 {main}
REQUEST_URI=/GPromo/index.php?r=Admin/Default/index
---
2017/03/11 21:10:42 [error] [exception.CException] CException: Alias "/Applications/MAMP/htdocs/GPromo/protected/config.modules.Admin" is invalid. Make sure it points to an existing directory or file. in /Applications/MAMP/htdocs/yii/framework/YiiBase.php:295
Stack trace:
#0 /Applications/MAMP/htdocs/yii/framework/YiiBase.php(196): YiiBase::import('/Applications/M...', true)
#1 /Applications/MAMP/htdocs/yii/framework/base/CModule.php(282): YiiBase::createComponent(Array, 'Admin', NULL, Array)
#2 /Applications/MAMP/htdocs/yii/framework/web/CWebApplication.php(337): CModule->getModule('Admin')
#3 /Applications/MAMP/htdocs/yii/framework/web/CWebApplication.php(276): CWebApplication->createController('Default/index/')
#4 /Applications/MAMP/htdocs/yii/framework/web/CWebApplication.php(141): CWebApplication->runController('Admin/Default/i...')
#5 /Applications/MAMP/htdocs/yii/framework/base/CApplication.php(185): CWebApplication->processRequest()
#6 /Applications/MAMP/htdocs/GPromo/index.php(13): CApplication->run()
#7 {main}
REQUEST_URI=/GPromo/index.php?r=Admin/Default/index
---
2017/03/11 21:11:01 [error] [exception.Error] Error: Class '/Applications/MAMP/htdocs/GPromo/protected/config/modules/Admin/AdminModule' not found in /Applications/MAMP/htdocs/yii/framework/YiiBase.php:206
Stack trace:
#0 /Applications/MAMP/htdocs/yii/framework/base/CModule.php(282): YiiBase::createComponent(Array, 'Admin', NULL, Array)
#1 /Applications/MAMP/htdocs/yii/framework/web/CWebApplication.php(337): CModule->getModule('Admin')
#2 /Applications/MAMP/htdocs/yii/framework/web/CWebApplication.php(276): CWebApplication->createController('Default/index/')
#3 /Applications/MAMP/htdocs/yii/framework/web/CWebApplication.php(141): CWebApplication->runController('Admin/Default/i...')
#4 /Applications/MAMP/htdocs/yii/framework/base/CApplication.php(185): CWebApplication->processRequest()
#5 /Applications/MAMP/htdocs/GPromo/index.php(13): CApplication->run()
#6 {main}
REQUEST_URI=/GPromo/index.php?r=Admin/Default/index
---
2017/03/11 21:11:03 [error] [exception.Error] Error: Class '/Applications/MAMP/htdocs/GPromo/protected/config/modules/Admin/AdminModule' not found in /Applications/MAMP/htdocs/yii/framework/YiiBase.php:206
Stack trace:
#0 /Applications/MAMP/htdocs/yii/framework/base/CModule.php(282): YiiBase::createComponent(Array, 'Admin', NULL, Array)
#1 /Applications/MAMP/htdocs/yii/framework/web/CWebApplication.php(337): CModule->getModule('Admin')
#2 /Applications/MAMP/htdocs/yii/framework/web/CWebApplication.php(276): CWebApplication->createController('Default/index/')
#3 /Applications/MAMP/htdocs/yii/framework/web/CWebApplication.php(141): CWebApplication->runController('Admin/Default/i...')
#4 /Applications/MAMP/htdocs/yii/framework/base/CApplication.php(185): CWebApplication->processRequest()
#5 /Applications/MAMP/htdocs/GPromo/index.php(13): CApplication->run()
#6 {main}
REQUEST_URI=/GPromo/index.php?r=Admin/Default/index
---
2017/03/11 21:11:32 [error] [exception.Error] Error: Class '/modules/Admin/AdminModule' not found in /Applications/MAMP/htdocs/yii/framework/YiiBase.php:206
Stack trace:
#0 /Applications/MAMP/htdocs/yii/framework/base/CModule.php(282): YiiBase::createComponent(Array, 'Admin', NULL, Array)
#1 /Applications/MAMP/htdocs/yii/framework/web/CWebApplication.php(337): CModule->getModule('Admin')
#2 /Applications/MAMP/htdocs/yii/framework/web/CWebApplication.php(276): CWebApplication->createController('Default/index/')
#3 /Applications/MAMP/htdocs/yii/framework/web/CWebApplication.php(141): CWebApplication->runController('Admin/Default/i...')
#4 /Applications/MAMP/htdocs/yii/framework/base/CApplication.php(185): CWebApplication->processRequest()
#5 /Applications/MAMP/htdocs/GPromo/index.php(13): CApplication->run()
#6 {main}
REQUEST_URI=/GPromo/index.php?r=Admin/Default/index
---
2017/03/11 21:11:53 [error] [exception.Error] Error: Class 'Gpromo/modules/Admin/AdminModule' not found in /Applications/MAMP/htdocs/yii/framework/YiiBase.php:206
Stack trace:
#0 /Applications/MAMP/htdocs/yii/framework/base/CModule.php(282): YiiBase::createComponent(Array, 'Admin', NULL, Array)
#1 /Applications/MAMP/htdocs/yii/framework/web/CWebApplication.php(337): CModule->getModule('Admin')
#2 /Applications/MAMP/htdocs/yii/framework/web/CWebApplication.php(276): CWebApplication->createController('Default/index/')
#3 /Applications/MAMP/htdocs/yii/framework/web/CWebApplication.php(141): CWebApplication->runController('Admin/Default/i...')
#4 /Applications/MAMP/htdocs/yii/framework/base/CApplication.php(185): CWebApplication->processRequest()
#5 /Applications/MAMP/htdocs/GPromo/index.php(13): CApplication->run()
#6 {main}
REQUEST_URI=/GPromo/index.php?r=Admin/Default/index
---
2017/03/11 21:11:54 [error] [exception.Error] Error: Class 'Gpromo/modules/Admin/AdminModule' not found in /Applications/MAMP/htdocs/yii/framework/YiiBase.php:206
Stack trace:
#0 /Applications/MAMP/htdocs/yii/framework/base/CModule.php(282): YiiBase::createComponent(Array, 'Admin', NULL, Array)
#1 /Applications/MAMP/htdocs/yii/framework/web/CWebApplication.php(337): CModule->getModule('Admin')
#2 /Applications/MAMP/htdocs/yii/framework/web/CWebApplication.php(276): CWebApplication->createController('Default/index/')
#3 /Applications/MAMP/htdocs/yii/framework/web/CWebApplication.php(141): CWebApplication->runController('Admin/Default/i...')
#4 /Applications/MAMP/htdocs/yii/framework/base/CApplication.php(185): CWebApplication->processRequest()
#5 /Applications/MAMP/htdocs/GPromo/index.php(13): CApplication->run()
#6 {main}
REQUEST_URI=/GPromo/index.php?r=Admin/Default/index
---
2017/03/11 21:12:03 [error] [exception.Error] Error: Class 'Gpromo/protected/modules/Admin/AdminModule' not found in /Applications/MAMP/htdocs/yii/framework/YiiBase.php:206
Stack trace:
#0 /Applications/MAMP/htdocs/yii/framework/base/CModule.php(282): YiiBase::createComponent(Array, 'Admin', NULL, Array)
#1 /Applications/MAMP/htdocs/yii/framework/web/CWebApplication.php(337): CModule->getModule('Admin')
#2 /Applications/MAMP/htdocs/yii/framework/web/CWebApplication.php(276): CWebApplication->createController('Default/index/')
#3 /Applications/MAMP/htdocs/yii/framework/web/CWebApplication.php(141): CWebApplication->runController('Admin/Default/i...')
#4 /Applications/MAMP/htdocs/yii/framework/base/CApplication.php(185): CWebApplication->processRequest()
#5 /Applications/MAMP/htdocs/GPromo/index.php(13): CApplication->run()
#6 {main}
REQUEST_URI=/GPromo/index.php?r=Admin/Default/index
---
2017/03/11 21:12:30 [error] [exception.CException] CException: Alias "GPromo.protected.modules.Admin" is invalid. Make sure it points to an existing directory or file. in /Applications/MAMP/htdocs/yii/framework/YiiBase.php:295
Stack trace:
#0 /Applications/MAMP/htdocs/yii/framework/YiiBase.php(196): YiiBase::import('GPromo\\protecte...', true)
#1 /Applications/MAMP/htdocs/yii/framework/base/CModule.php(282): YiiBase::createComponent(Array, 'Admin', NULL, Array)
#2 /Applications/MAMP/htdocs/yii/framework/web/CWebApplication.php(337): CModule->getModule('Admin')
#3 /Applications/MAMP/htdocs/yii/framework/web/CWebApplication.php(276): CWebApplication->createController('Default/index/')
#4 /Applications/MAMP/htdocs/yii/framework/web/CWebApplication.php(141): CWebApplication->runController('Admin/Default/i...')
#5 /Applications/MAMP/htdocs/yii/framework/base/CApplication.php(185): CWebApplication->processRequest()
#6 /Applications/MAMP/htdocs/GPromo/index.php(13): CApplication->run()
#7 {main}
REQUEST_URI=/GPromo/index.php?r=Admin/Default/index
---
2017/03/11 21:13:14 [error] [exception.CException] CException: Alias "GPromo.protected.modules.Admin" is invalid. Make sure it points to an existing directory or file. in /Applications/MAMP/htdocs/yii/framework/YiiBase.php:295
Stack trace:
#0 /Applications/MAMP/htdocs/yii/framework/YiiBase.php(196): YiiBase::import('\\GPromo\\protect...', true)
#1 /Applications/MAMP/htdocs/yii/framework/base/CModule.php(282): YiiBase::createComponent(Array, 'Admin', NULL, Array)
#2 /Applications/MAMP/htdocs/yii/framework/web/CWebApplication.php(337): CModule->getModule('Admin')
#3 /Applications/MAMP/htdocs/yii/framework/web/CWebApplication.php(276): CWebApplication->createController('Default/index/')
#4 /Applications/MAMP/htdocs/yii/framework/web/CWebApplication.php(141): CWebApplication->runController('Admin/Default/i...')
#5 /Applications/MAMP/htdocs/yii/framework/base/CApplication.php(185): CWebApplication->processRequest()
#6 /Applications/MAMP/htdocs/GPromo/index.php(13): CApplication->run()
#7 {main}
REQUEST_URI=/GPromo/index.php?r=Admin/Default/index
---
2017/03/11 21:14:42 [error] [exception.CException] CException: DefaultController has an extra endWidget(CContentDecorator) call in its view. in /Applications/MAMP/htdocs/yii/framework/web/CBaseController.php:218
Stack trace:
#0 /Applications/MAMP/htdocs/yii/framework/web/CBaseController.php(308): CBaseController->endWidget('CContentDecorat...')
#1 /Applications/MAMP/htdocs/GPromo/protected/views/layouts/column1.php(6): CBaseController->endContent()
#2 /Applications/MAMP/htdocs/yii/framework/web/CBaseController.php(126): require('/Applications/M...')
#3 /Applications/MAMP/htdocs/yii/framework/web/CBaseController.php(95): CBaseController->renderInternal('/Applications/M...', Array, true)
#4 /Applications/MAMP/htdocs/yii/framework/web/CController.php(784): CBaseController->renderFile('/Applications/M...', Array, true)
#5 /Applications/MAMP/htdocs/GPromo/protected/modules/Admin/controllers/DefaultController.php(7): CController->render('index')
#6 /Applications/MAMP/htdocs/yii/framework/web/actions/CInlineAction.php(49): DefaultController->actionIndex()
#7 /Applications/MAMP/htdocs/yii/framework/web/CController.php(308): CInlineAction->runWithParams(Array)
#8 /Applications/MAMP/htdocs/yii/framework/web/CController.php(286): CController->runAction(Object(CInlineAction))
#9 /Applications/MAMP/htdocs/yii/framework/web/CController.php(265): CController->runActionWithFilters(Object(CInlineAction), Array)
#10 /Applications/MAMP/htdocs/yii/framework/web/CWebApplication.php(282): CController->run('index')
#11 /Applications/MAMP/htdocs/yii/framework/web/CWebApplication.php(141): CWebApplication->runController('Admin/Default/i...')
#12 /Applications/MAMP/htdocs/yii/framework/base/CApplication.php(185): CWebApplication->processRequest()
#13 /Applications/MAMP/htdocs/GPromo/index.php(13): CApplication->run()
#14 {main}
REQUEST_URI=/GPromo/index.php?r=Admin/Default/index
---
2017/03/11 21:27:04 [error] [exception.CException] CException: DefaultController has an extra endWidget(CContentDecorator) call in its view. in /Applications/MAMP/htdocs/yii/framework/web/CBaseController.php:218
Stack trace:
#0 /Applications/MAMP/htdocs/yii/framework/web/CBaseController.php(308): CBaseController->endWidget('CContentDecorat...')
#1 /Applications/MAMP/htdocs/GPromo/protected/views/layouts/column1.php(6): CBaseController->endContent()
#2 /Applications/MAMP/htdocs/yii/framework/web/CBaseController.php(126): require('/Applications/M...')
#3 /Applications/MAMP/htdocs/yii/framework/web/CBaseController.php(95): CBaseController->renderInternal('/Applications/M...', Array, true)
#4 /Applications/MAMP/htdocs/yii/framework/web/CController.php(784): CBaseController->renderFile('/Applications/M...', Array, true)
#5 /Applications/MAMP/htdocs/GPromo/protected/modules/Admin/controllers/DefaultController.php(7): CController->render('index')
#6 /Applications/MAMP/htdocs/yii/framework/web/actions/CInlineAction.php(49): DefaultController->actionIndex()
#7 /Applications/MAMP/htdocs/yii/framework/web/CController.php(308): CInlineAction->runWithParams(Array)
#8 /Applications/MAMP/htdocs/yii/framework/web/CController.php(286): CController->runAction(Object(CInlineAction))
#9 /Applications/MAMP/htdocs/yii/framework/web/CController.php(265): CController->runActionWithFilters(Object(CInlineAction), Array)
#10 /Applications/MAMP/htdocs/yii/framework/web/CWebApplication.php(282): CController->run('index')
#11 /Applications/MAMP/htdocs/yii/framework/web/CWebApplication.php(141): CWebApplication->runController('Admin/Default/i...')
#12 /Applications/MAMP/htdocs/yii/framework/base/CApplication.php(185): CWebApplication->processRequest()
#13 /Applications/MAMP/htdocs/GPromo/index.php(13): CApplication->run()
#14 {main}
REQUEST_URI=/GPromo/index.php?r=Admin/Default/index
---
2017/03/11 21:27:07 [error] [exception.CException] CException: DefaultController has an extra endWidget(CContentDecorator) call in its view. in /Applications/MAMP/htdocs/yii/framework/web/CBaseController.php:218
Stack trace:
#0 /Applications/MAMP/htdocs/yii/framework/web/CBaseController.php(308): CBaseController->endWidget('CContentDecorat...')
#1 /Applications/MAMP/htdocs/GPromo/protected/views/layouts/column1.php(6): CBaseController->endContent()
#2 /Applications/MAMP/htdocs/yii/framework/web/CBaseController.php(126): require('/Applications/M...')
#3 /Applications/MAMP/htdocs/yii/framework/web/CBaseController.php(95): CBaseController->renderInternal('/Applications/M...', Array, true)
#4 /Applications/MAMP/htdocs/yii/framework/web/CController.php(784): CBaseController->renderFile('/Applications/M...', Array, true)
#5 /Applications/MAMP/htdocs/GPromo/protected/modules/Admin/controllers/DefaultController.php(7): CController->render('index')
#6 /Applications/MAMP/htdocs/yii/framework/web/actions/CInlineAction.php(49): DefaultController->actionIndex()
#7 /Applications/MAMP/htdocs/yii/framework/web/CController.php(308): CInlineAction->runWithParams(Array)
#8 /Applications/MAMP/htdocs/yii/framework/web/CController.php(286): CController->runAction(Object(CInlineAction))
#9 /Applications/MAMP/htdocs/yii/framework/web/CController.php(265): CController->runActionWithFilters(Object(CInlineAction), Array)
#10 /Applications/MAMP/htdocs/yii/framework/web/CWebApplication.php(282): CController->run('index')
#11 /Applications/MAMP/htdocs/yii/framework/web/CWebApplication.php(141): CWebApplication->runController('Admin/Default/i...')
#12 /Applications/MAMP/htdocs/yii/framework/base/CApplication.php(185): CWebApplication->processRequest()
#13 /Applications/MAMP/htdocs/GPromo/index.php(13): CApplication->run()
#14 {main}
REQUEST_URI=/GPromo/index.php?r=Admin/Default/index
---
2017/03/11 21:27:07 [error] [exception.CException] CException: DefaultController has an extra endWidget(CContentDecorator) call in its view. in /Applications/MAMP/htdocs/yii/framework/web/CBaseController.php:218
Stack trace:
#0 /Applications/MAMP/htdocs/yii/framework/web/CBaseController.php(308): CBaseController->endWidget('CContentDecorat...')
#1 /Applications/MAMP/htdocs/GPromo/protected/views/layouts/column1.php(6): CBaseController->endContent()
#2 /Applications/MAMP/htdocs/yii/framework/web/CBaseController.php(126): require('/Applications/M...')
#3 /Applications/MAMP/htdocs/yii/framework/web/CBaseController.php(95): CBaseController->renderInternal('/Applications/M...', Array, true)
#4 /Applications/MAMP/htdocs/yii/framework/web/CController.php(784): CBaseController->renderFile('/Applications/M...', Array, true)
#5 /Applications/MAMP/htdocs/GPromo/protected/modules/Admin/controllers/DefaultController.php(7): CController->render('index')
#6 /Applications/MAMP/htdocs/yii/framework/web/actions/CInlineAction.php(49): DefaultController->actionIndex()
#7 /Applications/MAMP/htdocs/yii/framework/web/CController.php(308): CInlineAction->runWithParams(Array)
#8 /Applications/MAMP/htdocs/yii/framework/web/CController.php(286): CController->runAction(Object(CInlineAction))
#9 /Applications/MAMP/htdocs/yii/framework/web/CController.php(265): CController->runActionWithFilters(Object(CInlineAction), Array)
#10 /Applications/MAMP/htdocs/yii/framework/web/CWebApplication.php(282): CController->run('')
#11 /Applications/MAMP/htdocs/yii/framework/web/CWebApplication.php(141): CWebApplication->runController('Admin/Default/')
#12 /Applications/MAMP/htdocs/yii/framework/base/CApplication.php(185): CWebApplication->processRequest()
#13 /Applications/MAMP/htdocs/GPromo/index.php(13): CApplication->run()
#14 {main}
REQUEST_URI=/GPromo/index.php?r=Admin/Default/
---
2017/03/11 21:27:54 [error] [exception.CException] CException: DefaultController has an extra endWidget(CContentDecorator) call in its view. in /Applications/MAMP/htdocs/yii/framework/web/CBaseController.php:218
Stack trace:
#0 /Applications/MAMP/htdocs/yii/framework/web/CBaseController.php(308): CBaseController->endWidget('CContentDecorat...')
#1 /Applications/MAMP/htdocs/GPromo/protected/views/layouts/column1.php(6): CBaseController->endContent()
#2 /Applications/MAMP/htdocs/yii/framework/web/CBaseController.php(126): require('/Applications/M...')
#3 /Applications/MAMP/htdocs/yii/framework/web/CBaseController.php(95): CBaseController->renderInternal('/Applications/M...', Array, true)
#4 /Applications/MAMP/htdocs/yii/framework/web/CController.php(784): CBaseController->renderFile('/Applications/M...', Array, true)
#5 /Applications/MAMP/htdocs/GPromo/protected/modules/Admin/controllers/DefaultController.php(7): CController->render('index')
#6 /Applications/MAMP/htdocs/yii/framework/web/actions/CInlineAction.php(49): DefaultController->actionIndex()
#7 /Applications/MAMP/htdocs/yii/framework/web/CController.php(308): CInlineAction->runWithParams(Array)
#8 /Applications/MAMP/htdocs/yii/framework/web/CController.php(286): CController->runAction(Object(CInlineAction))
#9 /Applications/MAMP/htdocs/yii/framework/web/CController.php(265): CController->runActionWithFilters(Object(CInlineAction), Array)
#10 /Applications/MAMP/htdocs/yii/framework/web/CWebApplication.php(282): CController->run('')
#11 /Applications/MAMP/htdocs/yii/framework/web/CWebApplication.php(141): CWebApplication->runController('Admin/Default/')
#12 /Applications/MAMP/htdocs/yii/framework/base/CApplication.php(185): CWebApplication->processRequest()
#13 /Applications/MAMP/htdocs/GPromo/index.php(13): CApplication->run()
#14 {main}
REQUEST_URI=/GPromo/index.php?r=Admin/Default/
---
2017/03/11 21:27:56 [error] [exception.CException] CException: DefaultController has an extra endWidget(CContentDecorator) call in its view. in /Applications/MAMP/htdocs/yii/framework/web/CBaseController.php:218
Stack trace:
#0 /Applications/MAMP/htdocs/yii/framework/web/CBaseController.php(308): CBaseController->endWidget('CContentDecorat...')
#1 /Applications/MAMP/htdocs/GPromo/protected/views/layouts/column1.php(6): CBaseController->endContent()
#2 /Applications/MAMP/htdocs/yii/framework/web/CBaseController.php(126): require('/Applications/M...')
#3 /Applications/MAMP/htdocs/yii/framework/web/CBaseController.php(95): CBaseController->renderInternal('/Applications/M...', Array, true)
#4 /Applications/MAMP/htdocs/yii/framework/web/CController.php(784): CBaseController->renderFile('/Applications/M...', Array, true)
#5 /Applications/MAMP/htdocs/GPromo/protected/modules/Admin/controllers/DefaultController.php(7): CController->render('index')
#6 /Applications/MAMP/htdocs/yii/framework/web/actions/CInlineAction.php(49): DefaultController->actionIndex()
#7 /Applications/MAMP/htdocs/yii/framework/web/CController.php(308): CInlineAction->runWithParams(Array)
#8 /Applications/MAMP/htdocs/yii/framework/web/CController.php(286): CController->runAction(Object(CInlineAction))
#9 /Applications/MAMP/htdocs/yii/framework/web/CController.php(265): CController->runActionWithFilters(Object(CInlineAction), Array)
#10 /Applications/MAMP/htdocs/yii/framework/web/CWebApplication.php(282): CController->run('')
#11 /Applications/MAMP/htdocs/yii/framework/web/CWebApplication.php(141): CWebApplication->runController('Admin/Default/')
#12 /Applications/MAMP/htdocs/yii/framework/base/CApplication.php(185): CWebApplication->processRequest()
#13 /Applications/MAMP/htdocs/GPromo/index.php(13): CApplication->run()
#14 {main}
REQUEST_URI=/GPromo/index.php?r=Admin/Default/
---
2017/03/11 21:28:01 [error] [exception.CException] CException: DefaultController has an extra endWidget(CContentDecorator) call in its view. in /Applications/MAMP/htdocs/yii/framework/web/CBaseController.php:218
Stack trace:
#0 /Applications/MAMP/htdocs/yii/framework/web/CBaseController.php(308): CBaseController->endWidget('CContentDecorat...')
#1 /Applications/MAMP/htdocs/GPromo/protected/views/layouts/column1.php(6): CBaseController->endContent()
#2 /Applications/MAMP/htdocs/yii/framework/web/CBaseController.php(126): require('/Applications/M...')
#3 /Applications/MAMP/htdocs/yii/framework/web/CBaseController.php(95): CBaseController->renderInternal('/Applications/M...', Array, true)
#4 /Applications/MAMP/htdocs/yii/framework/web/CController.php(784): CBaseController->renderFile('/Applications/M...', Array, true)
#5 /Applications/MAMP/htdocs/GPromo/protected/modules/Admin/controllers/DefaultController.php(7): CController->render('index')
#6 /Applications/MAMP/htdocs/yii/framework/web/actions/CInlineAction.php(49): DefaultController->actionIndex()
#7 /Applications/MAMP/htdocs/yii/framework/web/CController.php(308): CInlineAction->runWithParams(Array)
#8 /Applications/MAMP/htdocs/yii/framework/web/CController.php(286): CController->runAction(Object(CInlineAction))
#9 /Applications/MAMP/htdocs/yii/framework/web/CController.php(265): CController->runActionWithFilters(Object(CInlineAction), Array)
#10 /Applications/MAMP/htdocs/yii/framework/web/CWebApplication.php(282): CController->run('')
#11 /Applications/MAMP/htdocs/yii/framework/web/CWebApplication.php(141): CWebApplication->runController('Admin/Default/')
#12 /Applications/MAMP/htdocs/yii/framework/base/CApplication.php(185): CWebApplication->processRequest()
#13 /Applications/MAMP/htdocs/GPromo/index.php(13): CApplication->run()
#14 {main}
REQUEST_URI=/GPromo/index.php?r=Admin/Default/
---
2017/03/11 22:16:05 [error] [exception.CException] CException: Property "MyComponent.model" is not defined. in /Applications/MAMP/htdocs/yii/framework/base/CComponent.php:130
Stack trace:
#0 /Applications/MAMP/htdocs/GPromo/protected/modules/Admin/controllers/DefaultController.php(7): CComponent->__get('model')
#1 /Applications/MAMP/htdocs/yii/framework/web/actions/CInlineAction.php(49): DefaultController->actionIndex()
#2 /Applications/MAMP/htdocs/yii/framework/web/CController.php(308): CInlineAction->runWithParams(Array)
#3 /Applications/MAMP/htdocs/yii/framework/web/CController.php(286): CController->runAction(Object(CInlineAction))
#4 /Applications/MAMP/htdocs/yii/framework/web/CController.php(265): CController->runActionWithFilters(Object(CInlineAction), Array)
#5 /Applications/MAMP/htdocs/yii/framework/web/CWebApplication.php(282): CController->run('index')
#6 /Applications/MAMP/htdocs/yii/framework/web/CWebApplication.php(141): CWebApplication->runController('Admin/default/i...')
#7 /Applications/MAMP/htdocs/yii/framework/base/CApplication.php(185): CWebApplication->processRequest()
#8 /Applications/MAMP/htdocs/GPromo/index.php(13): CApplication->run()
#9 {main}
REQUEST_URI=/GPromo/index.php?r=Admin/default/index
---
2017/03/11 22:16:24 [error] [exception.CException] CException: Property "MyComponent.model" is not defined. in /Applications/MAMP/htdocs/yii/framework/base/CComponent.php:130
Stack trace:
#0 /Applications/MAMP/htdocs/GPromo/protected/modules/Admin/controllers/DefaultController.php(7): CComponent->__get('model')
#1 /Applications/MAMP/htdocs/yii/framework/web/actions/CInlineAction.php(49): DefaultController->actionIndex()
#2 /Applications/MAMP/htdocs/yii/framework/web/CController.php(308): CInlineAction->runWithParams(Array)
#3 /Applications/MAMP/htdocs/yii/framework/web/CController.php(286): CController->runAction(Object(CInlineAction))
#4 /Applications/MAMP/htdocs/yii/framework/web/CController.php(265): CController->runActionWithFilters(Object(CInlineAction), Array)
#5 /Applications/MAMP/htdocs/yii/framework/web/CWebApplication.php(282): CController->run('index')
#6 /Applications/MAMP/htdocs/yii/framework/web/CWebApplication.php(141): CWebApplication->runController('Admin/default/i...')
#7 /Applications/MAMP/htdocs/yii/framework/base/CApplication.php(185): CWebApplication->processRequest()
#8 /Applications/MAMP/htdocs/GPromo/index.php(13): CApplication->run()
#9 {main}
REQUEST_URI=/GPromo/index.php?r=Admin/default/index
---
2017/03/11 22:16:53 [error] [exception.CException] CException: Property "MyComponent.id" is not defined. in /Applications/MAMP/htdocs/yii/framework/base/CComponent.php:130
Stack trace:
#0 /Applications/MAMP/htdocs/GPromo/protected/modules/Admin/controllers/DefaultController.php(7): CComponent->__get('id')
#1 /Applications/MAMP/htdocs/yii/framework/web/actions/CInlineAction.php(49): DefaultController->actionIndex()
#2 /Applications/MAMP/htdocs/yii/framework/web/CController.php(308): CInlineAction->runWithParams(Array)
#3 /Applications/MAMP/htdocs/yii/framework/web/CController.php(286): CController->runAction(Object(CInlineAction))
#4 /Applications/MAMP/htdocs/yii/framework/web/CController.php(265): CController->runActionWithFilters(Object(CInlineAction), Array)
#5 /Applications/MAMP/htdocs/yii/framework/web/CWebApplication.php(282): CController->run('index')
#6 /Applications/MAMP/htdocs/yii/framework/web/CWebApplication.php(141): CWebApplication->runController('Admin/default/i...')
#7 /Applications/MAMP/htdocs/yii/framework/base/CApplication.php(185): CWebApplication->processRequest()
#8 /Applications/MAMP/htdocs/GPromo/index.php(13): CApplication->run()
#9 {main}
REQUEST_URI=/GPromo/index.php?r=Admin/default/index
---
2017/03/11 22:16:53 [error] [exception.CException] CException: Property "MyComponent.id" is not defined. in /Applications/MAMP/htdocs/yii/framework/base/CComponent.php:130
Stack trace:
#0 /Applications/MAMP/htdocs/GPromo/protected/modules/Admin/controllers/DefaultController.php(7): CComponent->__get('id')
#1 /Applications/MAMP/htdocs/yii/framework/web/actions/CInlineAction.php(49): DefaultController->actionIndex()
#2 /Applications/MAMP/htdocs/yii/framework/web/CController.php(308): CInlineAction->runWithParams(Array)
#3 /Applications/MAMP/htdocs/yii/framework/web/CController.php(286): CController->runAction(Object(CInlineAction))
#4 /Applications/MAMP/htdocs/yii/framework/web/CController.php(265): CController->runActionWithFilters(Object(CInlineAction), Array)
#5 /Applications/MAMP/htdocs/yii/framework/web/CWebApplication.php(282): CController->run('index')
#6 /Applications/MAMP/htdocs/yii/framework/web/CWebApplication.php(141): CWebApplication->runController('Admin/default/i...')
#7 /Applications/MAMP/htdocs/yii/framework/base/CApplication.php(185): CWebApplication->processRequest()
#8 /Applications/MAMP/htdocs/GPromo/index.php(13): CApplication->run()
#9 {main}
REQUEST_URI=/GPromo/index.php?r=Admin/default/index
---
2017/03/11 22:16:54 [error] [exception.CException] CException: Property "MyComponent.id" is not defined. in /Applications/MAMP/htdocs/yii/framework/base/CComponent.php:130
Stack trace:
#0 /Applications/MAMP/htdocs/GPromo/protected/modules/Admin/controllers/DefaultController.php(7): CComponent->__get('id')
#1 /Applications/MAMP/htdocs/yii/framework/web/actions/CInlineAction.php(49): DefaultController->actionIndex()
#2 /Applications/MAMP/htdocs/yii/framework/web/CController.php(308): CInlineAction->runWithParams(Array)
#3 /Applications/MAMP/htdocs/yii/framework/web/CController.php(286): CController->runAction(Object(CInlineAction))
#4 /Applications/MAMP/htdocs/yii/framework/web/CController.php(265): CController->runActionWithFilters(Object(CInlineAction), Array)
#5 /Applications/MAMP/htdocs/yii/framework/web/CWebApplication.php(282): CController->run('index')
#6 /Applications/MAMP/htdocs/yii/framework/web/CWebApplication.php(141): CWebApplication->runController('Admin/default/i...')
#7 /Applications/MAMP/htdocs/yii/framework/base/CApplication.php(185): CWebApplication->processRequest()
#8 /Applications/MAMP/htdocs/GPromo/index.php(13): CApplication->run()
#9 {main}
REQUEST_URI=/GPromo/index.php?r=Admin/default/index
---
2017/03/11 22:16:54 [error] [exception.CException] CException: Property "MyComponent.id" is not defined. in /Applications/MAMP/htdocs/yii/framework/base/CComponent.php:130
Stack trace:
#0 /Applications/MAMP/htdocs/GPromo/protected/modules/Admin/controllers/DefaultController.php(7): CComponent->__get('id')
#1 /Applications/MAMP/htdocs/yii/framework/web/actions/CInlineAction.php(49): DefaultController->actionIndex()
#2 /Applications/MAMP/htdocs/yii/framework/web/CController.php(308): CInlineAction->runWithParams(Array)
#3 /Applications/MAMP/htdocs/yii/framework/web/CController.php(286): CController->runAction(Object(CInlineAction))
#4 /Applications/MAMP/htdocs/yii/framework/web/CController.php(265): CController->runActionWithFilters(Object(CInlineAction), Array)
#5 /Applications/MAMP/htdocs/yii/framework/web/CWebApplication.php(282): CController->run('index')
#6 /Applications/MAMP/htdocs/yii/framework/web/CWebApplication.php(141): CWebApplication->runController('Admin/default/i...')
#7 /Applications/MAMP/htdocs/yii/framework/base/CApplication.php(185): CWebApplication->processRequest()
#8 /Applications/MAMP/htdocs/GPromo/index.php(13): CApplication->run()
#9 {main}
REQUEST_URI=/GPromo/index.php?r=Admin/default/index
---
2017/03/11 22:16:54 [error] [exception.CException] CException: Property "MyComponent.id" is not defined. in /Applications/MAMP/htdocs/yii/framework/base/CComponent.php:130
Stack trace:
#0 /Applications/MAMP/htdocs/GPromo/protected/modules/Admin/controllers/DefaultController.php(7): CComponent->__get('id')
#1 /Applications/MAMP/htdocs/yii/framework/web/actions/CInlineAction.php(49): DefaultController->actionIndex()
#2 /Applications/MAMP/htdocs/yii/framework/web/CController.php(308): CInlineAction->runWithParams(Array)
#3 /Applications/MAMP/htdocs/yii/framework/web/CController.php(286): CController->runAction(Object(CInlineAction))
#4 /Applications/MAMP/htdocs/yii/framework/web/CController.php(265): CController->runActionWithFilters(Object(CInlineAction), Array)
#5 /Applications/MAMP/htdocs/yii/framework/web/CWebApplication.php(282): CController->run('index')
#6 /Applications/MAMP/htdocs/yii/framework/web/CWebApplication.php(141): CWebApplication->runController('Admin/default/i...')
#7 /Applications/MAMP/htdocs/yii/framework/base/CApplication.php(185): CWebApplication->processRequest()
#8 /Applications/MAMP/htdocs/GPromo/index.php(13): CApplication->run()
#9 {main}
REQUEST_URI=/GPromo/index.php?r=Admin/default/index
---
2017/03/11 22:16:54 [error] [exception.CException] CException: Property "MyComponent.id" is not defined. in /Applications/MAMP/htdocs/yii/framework/base/CComponent.php:130
Stack trace:
#0 /Applications/MAMP/htdocs/GPromo/protected/modules/Admin/controllers/DefaultController.php(7): CComponent->__get('id')
#1 /Applications/MAMP/htdocs/yii/framework/web/actions/CInlineAction.php(49): DefaultController->actionIndex()
#2 /Applications/MAMP/htdocs/yii/framework/web/CController.php(308): CInlineAction->runWithParams(Array)
#3 /Applications/MAMP/htdocs/yii/framework/web/CController.php(286): CController->runAction(Object(CInlineAction))
#4 /Applications/MAMP/htdocs/yii/framework/web/CController.php(265): CController->runActionWithFilters(Object(CInlineAction), Array)
#5 /Applications/MAMP/htdocs/yii/framework/web/CWebApplication.php(282): CController->run('index')
#6 /Applications/MAMP/htdocs/yii/framework/web/CWebApplication.php(141): CWebApplication->runController('Admin/default/i...')
#7 /Applications/MAMP/htdocs/yii/framework/base/CApplication.php(185): CWebApplication->processRequest()
#8 /Applications/MAMP/htdocs/GPromo/index.php(13): CApplication->run()
#9 {main}
REQUEST_URI=/GPromo/index.php?r=Admin/default/index
---
2017/03/11 22:17:47 [error] [php] Undefined variable: id (/Applications/MAMP/htdocs/GPromo/protected/modules/Admin/controllers/DefaultController.php:7)
Stack trace:
#0 /Applications/MAMP/htdocs/yii/framework/web/CController.php(286): DefaultController->runAction()
#1 /Applications/MAMP/htdocs/yii/framework/web/CController.php(265): DefaultController->runActionWithFilters()
#2 /Applications/MAMP/htdocs/yii/framework/web/CWebApplication.php(282): DefaultController->run()
#3 /Applications/MAMP/htdocs/yii/framework/web/CWebApplication.php(141): CWebApplication->runController()
#4 /Applications/MAMP/htdocs/yii/framework/base/CApplication.php(185): CWebApplication->processRequest()
#5 /Applications/MAMP/htdocs/GPromo/index.php(13): CWebApplication->run()
REQUEST_URI=/GPromo/index.php?r=Admin/default/index
in /Applications/MAMP/htdocs/GPromo/protected/modules/Admin/controllers/DefaultController.php (7)
in /Applications/MAMP/htdocs/GPromo/index.php (13)
2017/03/11 22:17:47 [error] [php] Undefined variable: id (/Applications/MAMP/htdocs/GPromo/protected/modules/Admin/controllers/DefaultController.php:7)
Stack trace:
#0 /Applications/MAMP/htdocs/yii/framework/web/CController.php(286): DefaultController->runAction()
#1 /Applications/MAMP/htdocs/yii/framework/web/CController.php(265): DefaultController->runActionWithFilters()
#2 /Applications/MAMP/htdocs/yii/framework/web/CWebApplication.php(282): DefaultController->run()
#3 /Applications/MAMP/htdocs/yii/framework/web/CWebApplication.php(141): CWebApplication->runController()
#4 /Applications/MAMP/htdocs/yii/framework/base/CApplication.php(185): CWebApplication->processRequest()
#5 /Applications/MAMP/htdocs/GPromo/index.php(13): CWebApplication->run()
REQUEST_URI=/GPromo/index.php?r=Admin/default/index
in /Applications/MAMP/htdocs/GPromo/protected/modules/Admin/controllers/DefaultController.php (7)
in /Applications/MAMP/htdocs/GPromo/index.php (13)
2017/03/11 22:17:48 [error] [php] Undefined variable: id (/Applications/MAMP/htdocs/GPromo/protected/modules/Admin/controllers/DefaultController.php:7)
Stack trace:
#0 /Applications/MAMP/htdocs/yii/framework/web/CController.php(286): DefaultController->runAction()
#1 /Applications/MAMP/htdocs/yii/framework/web/CController.php(265): DefaultController->runActionWithFilters()
#2 /Applications/MAMP/htdocs/yii/framework/web/CWebApplication.php(282): DefaultController->run()
#3 /Applications/MAMP/htdocs/yii/framework/web/CWebApplication.php(141): CWebApplication->runController()
#4 /Applications/MAMP/htdocs/yii/framework/base/CApplication.php(185): CWebApplication->processRequest()
#5 /Applications/MAMP/htdocs/GPromo/index.php(13): CWebApplication->run()
REQUEST_URI=/GPromo/index.php?r=Admin/default/index
in /Applications/MAMP/htdocs/GPromo/protected/modules/Admin/controllers/DefaultController.php (7)
in /Applications/MAMP/htdocs/GPromo/index.php (13)
2017/03/11 22:17:48 [error] [php] Undefined variable: id (/Applications/MAMP/htdocs/GPromo/protected/modules/Admin/controllers/DefaultController.php:7)
Stack trace:
#0 /Applications/MAMP/htdocs/yii/framework/web/CController.php(286): DefaultController->runAction()
#1 /Applications/MAMP/htdocs/yii/framework/web/CController.php(265): DefaultController->runActionWithFilters()
#2 /Applications/MAMP/htdocs/yii/framework/web/CWebApplication.php(282): DefaultController->run()
#3 /Applications/MAMP/htdocs/yii/framework/web/CWebApplication.php(141): CWebApplication->runController()
#4 /Applications/MAMP/htdocs/yii/framework/base/CApplication.php(185): CWebApplication->processRequest()
#5 /Applications/MAMP/htdocs/GPromo/index.php(13): CWebApplication->run()
REQUEST_URI=/GPromo/index.php?r=Admin/default/index
in /Applications/MAMP/htdocs/GPromo/protected/modules/Admin/controllers/DefaultController.php (7)
in /Applications/MAMP/htdocs/GPromo/index.php (13)
2017/03/11 22:18:12 [error] [php] Use of undefined constant id - assumed 'id' (/Applications/MAMP/htdocs/GPromo/protected/modules/Admin/controllers/DefaultController.php:7)
Stack trace:
#0 /Applications/MAMP/htdocs/yii/framework/web/CController.php(286): DefaultController->runAction()
#1 /Applications/MAMP/htdocs/yii/framework/web/CController.php(265): DefaultController->runActionWithFilters()
#2 /Applications/MAMP/htdocs/yii/framework/web/CWebApplication.php(282): DefaultController->run()
#3 /Applications/MAMP/htdocs/yii/framework/web/CWebApplication.php(141): CWebApplication->runController()
#4 /Applications/MAMP/htdocs/yii/framework/base/CApplication.php(185): CWebApplication->processRequest()
#5 /Applications/MAMP/htdocs/GPromo/index.php(13): CWebApplication->run()
REQUEST_URI=/GPromo/index.php?r=Admin/default/index
in /Applications/MAMP/htdocs/GPromo/protected/modules/Admin/controllers/DefaultController.php (7)
in /Applications/MAMP/htdocs/GPromo/index.php (13)
2017/03/11 22:20:15 [error] [php] Use of undefined constant nombre - assumed 'nombre' (/Applications/MAMP/htdocs/GPromo/protected/modules/Admin/views/default/index.php:8)
Stack trace:
#0 /Applications/MAMP/htdocs/yii/framework/web/CController.php(869): DefaultController->renderFile()
#1 /Applications/MAMP/htdocs/yii/framework/web/CController.php(782): DefaultController->renderPartial()
#2 /Applications/MAMP/htdocs/GPromo/protected/modules/Admin/controllers/DefaultController.php(9): DefaultController->render()
#3 /Applications/MAMP/htdocs/yii/framework/web/actions/CInlineAction.php(49): DefaultController->actionIndex()
#4 /Applications/MAMP/htdocs/yii/framework/web/CController.php(308): CInlineAction->runWithParams()
#5 /Applications/MAMP/htdocs/yii/framework/web/CController.php(286): DefaultController->runAction()
#6 /Applications/MAMP/htdocs/yii/framework/web/CController.php(265): DefaultController->runActionWithFilters()
#7 /Applications/MAMP/htdocs/yii/framework/web/CWebApplication.php(282): DefaultController->run()
#8 /Applications/MAMP/htdocs/yii/framework/web/CWebApplication.php(141): CWebApplication->runController()
#9 /Applications/MAMP/htdocs/yii/framework/base/CApplication.php(185): CWebApplication->processRequest()
#10 /Applications/MAMP/htdocs/GPromo/index.php(13): CWebApplication->run()
REQUEST_URI=/GPromo/index.php?r=Admin/default/index
in /Applications/MAMP/htdocs/GPromo/protected/modules/Admin/views/default/index.php (8)
in /Applications/MAMP/htdocs/GPromo/protected/modules/Admin/controllers/DefaultController.php (9)
in /Applications/MAMP/htdocs/GPromo/index.php (13)
2017/03/11 22:31:26 [error] [php] Object of class CWebApplication could not be converted to string (/Applications/MAMP/htdocs/GPromo/protected/modules/Admin/views/default/index.php:8)
Stack trace:
#0 /Applications/MAMP/htdocs/yii/framework/web/CController.php(869): DefaultController->renderFile()
#1 /Applications/MAMP/htdocs/yii/framework/web/CController.php(782): DefaultController->renderPartial()
#2 /Applications/MAMP/htdocs/GPromo/protected/modules/Admin/controllers/DefaultController.php(9): DefaultController->render()
#3 /Applications/MAMP/htdocs/yii/framework/web/actions/CInlineAction.php(49): DefaultController->actionIndex()
#4 /Applications/MAMP/htdocs/yii/framework/web/CController.php(308): CInlineAction->runWithParams()
#5 /Applications/MAMP/htdocs/yii/framework/web/CController.php(286): DefaultController->runAction()
#6 /Applications/MAMP/htdocs/yii/framework/web/CController.php(265): DefaultController->runActionWithFilters()
#7 /Applications/MAMP/htdocs/yii/framework/web/CWebApplication.php(282): DefaultController->run()
#8 /Applications/MAMP/htdocs/yii/framework/web/CWebApplication.php(141): CWebApplication->runController()
#9 /Applications/MAMP/htdocs/yii/framework/base/CApplication.php(185): CWebApplication->processRequest()
#10 /Applications/MAMP/htdocs/GPromo/index.php(13): CWebApplication->run()
REQUEST_URI=/GPromo/index.php?r=Admin/default/index
in /Applications/MAMP/htdocs/GPromo/protected/modules/Admin/views/default/index.php (8)
in /Applications/MAMP/htdocs/GPromo/protected/modules/Admin/controllers/DefaultController.php (9)
in /Applications/MAMP/htdocs/GPromo/index.php (13)
2017/03/11 22:32:35 [error] [exception.CHttpException.404] CHttpException: Unable to resolve the request "admin". in /Applications/MAMP/htdocs/yii/framework/web/CWebApplication.php:286
Stack trace:
#0 /Applications/MAMP/htdocs/yii/framework/web/CWebApplication.php(141): CWebApplication->runController('admin')
#1 /Applications/MAMP/htdocs/yii/framework/base/CApplication.php(185): CWebApplication->processRequest()
#2 /Applications/MAMP/htdocs/GPromo/index.php(13): CApplication->run()
#3 {main}
REQUEST_URI=/GPromo/index.php?r=admin
---
2017/03/11 22:32:36 [error] [exception.CHttpException.404] CHttpException: Unable to resolve the request "admin". in /Applications/MAMP/htdocs/yii/framework/web/CWebApplication.php:286
Stack trace:
#0 /Applications/MAMP/htdocs/yii/framework/web/CWebApplication.php(141): CWebApplication->runController('admin')
#1 /Applications/MAMP/htdocs/yii/framework/base/CApplication.php(185): CWebApplication->processRequest()
#2 /Applications/MAMP/htdocs/GPromo/index.php(13): CApplication->run()
#3 {main}
REQUEST_URI=/GPromo/index.php?r=admin
---
2017/03/11 22:32:45 [error] [exception.CHttpException.404] CHttpException: Unable to resolve the request "admin". in /Applications/MAMP/htdocs/yii/framework/web/CWebApplication.php:286
Stack trace:
#0 /Applications/MAMP/htdocs/yii/framework/web/CWebApplication.php(141): CWebApplication->runController('admin')
#1 /Applications/MAMP/htdocs/yii/framework/base/CApplication.php(185): CWebApplication->processRequest()
#2 /Applications/MAMP/htdocs/GPromo/index.php(13): CApplication->run()
#3 {main}
REQUEST_URI=/GPromo/index.php?r=admin
---
2017/03/11 22:32:48 [error] [exception.CException] CException: CWebApplication and its behaviors do not have a method or closure named "getAlias". in /Applications/MAMP/htdocs/yii/framework/base/CComponent.php:266
Stack trace:
#0 /Applications/MAMP/htdocs/GPromo/protected/modules/Admin/components/MyComponent.php(9): CComponent->__call('getAlias', Array)
#1 /Applications/MAMP/htdocs/GPromo/protected/modules/Admin/controllers/DefaultController.php(7): MyComponent->setNombre('pepepe')
#2 /Applications/MAMP/htdocs/yii/framework/web/actions/CInlineAction.php(49): DefaultController->actionIndex()
#3 /Applications/MAMP/htdocs/yii/framework/web/CController.php(308): CInlineAction->runWithParams(Array)
#4 /Applications/MAMP/htdocs/yii/framework/web/CController.php(286): CController->runAction(Object(CInlineAction))
#5 /Applications/MAMP/htdocs/yii/framework/web/CController.php(265): CController->runActionWithFilters(Object(CInlineAction), Array)
#6 /Applications/MAMP/htdocs/yii/framework/web/CWebApplication.php(282): CController->run('')
#7 /Applications/MAMP/htdocs/yii/framework/web/CWebApplication.php(141): CWebApplication->runController('Admin/')
#8 /Applications/MAMP/htdocs/yii/framework/base/CApplication.php(185): CWebApplication->processRequest()
#9 /Applications/MAMP/htdocs/GPromo/index.php(13): CApplication->run()
#10 {main}
REQUEST_URI=/GPromo/index.php?r=Admin/
---
2017/03/11 22:32:48 [error] [exception.CException] CException: CWebApplication and its behaviors do not have a method or closure named "getAlias". in /Applications/MAMP/htdocs/yii/framework/base/CComponent.php:266
Stack trace:
#0 /Applications/MAMP/htdocs/GPromo/protected/modules/Admin/components/MyComponent.php(9): CComponent->__call('getAlias', Array)
#1 /Applications/MAMP/htdocs/GPromo/protected/modules/Admin/controllers/DefaultController.php(7): MyComponent->setNombre('pepepe')
#2 /Applications/MAMP/htdocs/yii/framework/web/actions/CInlineAction.php(49): DefaultController->actionIndex()
#3 /Applications/MAMP/htdocs/yii/framework/web/CController.php(308): CInlineAction->runWithParams(Array)
#4 /Applications/MAMP/htdocs/yii/framework/web/CController.php(286): CController->runAction(Object(CInlineAction))
#5 /Applications/MAMP/htdocs/yii/framework/web/CController.php(265): CController->runActionWithFilters(Object(CInlineAction), Array)
#6 /Applications/MAMP/htdocs/yii/framework/web/CWebApplication.php(282): CController->run('')
#7 /Applications/MAMP/htdocs/yii/framework/web/CWebApplication.php(141): CWebApplication->runController('Admin/')
#8 /Applications/MAMP/htdocs/yii/framework/base/CApplication.php(185): CWebApplication->processRequest()
#9 /Applications/MAMP/htdocs/GPromo/index.php(13): CApplication->run()
#10 {main}
REQUEST_URI=/GPromo/index.php?r=Admin/
---
2017/03/11 23:47:19 [error] [exception.CHttpException.404] CHttpException: Unable to resolve the request "Admin/Formulario". in /Applications/MAMP/htdocs/yii/framework/web/CWebApplication.php:286
Stack trace:
#0 /Applications/MAMP/htdocs/yii/framework/web/CWebApplication.php(141): CWebApplication->runController('Admin/Formulari...')
#1 /Applications/MAMP/htdocs/yii/framework/base/CApplication.php(185): CWebApplication->processRequest()
#2 /Applications/MAMP/htdocs/GPromo/index.php(13): CApplication->run()
#3 {main}
REQUEST_URI=/GPromo/index.php?r=Admin/Formulario
---
2017/03/11 23:51:18 [error] [php] Undefined variable: nombre (/Applications/MAMP/htdocs/GPromo/protected/modules/Admin/views/default/index.php:8)
Stack trace:
#0 /Applications/MAMP/htdocs/yii/framework/web/CController.php(869): DefaultController->renderFile()
#1 /Applications/MAMP/htdocs/yii/framework/web/CController.php(782): DefaultController->renderPartial()
#2 /Applications/MAMP/htdocs/GPromo/protected/modules/Admin/controllers/DefaultController.php(10): DefaultController->render()
#3 /Applications/MAMP/htdocs/yii/framework/web/actions/CInlineAction.php(49): DefaultController->actionIndex()
#4 /Applications/MAMP/htdocs/yii/framework/web/CController.php(308): CInlineAction->runWithParams()
#5 /Applications/MAMP/htdocs/yii/framework/web/CController.php(286): DefaultController->runAction()
#6 /Applications/MAMP/htdocs/yii/framework/web/CController.php(265): DefaultController->runActionWithFilters()
#7 /Applications/MAMP/htdocs/yii/framework/web/CWebApplication.php(282): DefaultController->run()
#8 /Applications/MAMP/htdocs/yii/framework/web/CWebApplication.php(141): CWebApplication->runController()
#9 /Applications/MAMP/htdocs/yii/framework/base/CApplication.php(185): CWebApplication->processRequest()
#10 /Applications/MAMP/htdocs/GPromo/index.php(13): CWebApplication->run()
REQUEST_URI=/GPromo/index.php?r=Admin/
in /Applications/MAMP/htdocs/GPromo/protected/modules/Admin/views/default/index.php (8)
in /Applications/MAMP/htdocs/GPromo/protected/modules/Admin/controllers/DefaultController.php (10)
in /Applications/MAMP/htdocs/GPromo/index.php (13)
2017/03/11 23:51:40 [error] [php] Undefined variable: nombre (/Applications/MAMP/htdocs/GPromo/protected/modules/Admin/views/default/index.php:8)
Stack trace:
#0 /Applications/MAMP/htdocs/yii/framework/web/CController.php(869): DefaultController->renderFile()
#1 /Applications/MAMP/htdocs/yii/framework/web/CController.php(782): DefaultController->renderPartial()
#2 /Applications/MAMP/htdocs/GPromo/protected/modules/Admin/controllers/DefaultController.php(10): DefaultController->render()
#3 /Applications/MAMP/htdocs/yii/framework/web/actions/CInlineAction.php(49): DefaultController->actionIndex()
#4 /Applications/MAMP/htdocs/yii/framework/web/CController.php(308): CInlineAction->runWithParams()
#5 /Applications/MAMP/htdocs/yii/framework/web/CController.php(286): DefaultController->runAction()
#6 /Applications/MAMP/htdocs/yii/framework/web/CController.php(265): DefaultController->runActionWithFilters()
#7 /Applications/MAMP/htdocs/yii/framework/web/CWebApplication.php(282): DefaultController->run()
#8 /Applications/MAMP/htdocs/yii/framework/web/CWebApplication.php(141): CWebApplication->runController()
#9 /Applications/MAMP/htdocs/yii/framework/base/CApplication.php(185): CWebApplication->processRequest()
#10 /Applications/MAMP/htdocs/GPromo/index.php(13): CWebApplication->run()
REQUEST_URI=/GPromo/index.php?r=Admin/
in /Applications/MAMP/htdocs/GPromo/protected/modules/Admin/views/default/index.php (8)
in /Applications/MAMP/htdocs/GPromo/protected/modules/Admin/controllers/DefaultController.php (10)
in /Applications/MAMP/htdocs/GPromo/index.php (13)
2017/03/11 23:51:57 [error] [exception.ParseError] ParseError: syntax error, unexpected '=>' (T_DOUBLE_ARROW), expecting ',' or ')' in /Applications/MAMP/htdocs/GPromo/protected/modules/Admin/controllers/DefaultController.php:10
Stack trace:
#0 /Applications/MAMP/htdocs/yii/framework/web/CWebApplication.php(338): CWebApplication->createController('', Object(AdminModule))
#1 /Applications/MAMP/htdocs/yii/framework/web/CWebApplication.php(276): CWebApplication->createController('')
#2 /Applications/MAMP/htdocs/yii/framework/web/CWebApplication.php(141): CWebApplication->runController('Admin/')
#3 /Applications/MAMP/htdocs/yii/framework/base/CApplication.php(185): CWebApplication->processRequest()
#4 /Applications/MAMP/htdocs/GPromo/index.php(13): CApplication->run()
#5 {main}
REQUEST_URI=/GPromo/index.php?r=Admin/
---
2017/03/11 23:56:09 [error] [exception.Error] Error: Call to undefined function actionIndex() in /Applications/MAMP/htdocs/GPromo/protected/modules/Admin/controllers/DefaultController.php:16
Stack trace:
#0 /Applications/MAMP/htdocs/yii/framework/web/actions/CInlineAction.php(49): DefaultController->actionformulario()
#1 /Applications/MAMP/htdocs/yii/framework/web/CController.php(308): CInlineAction->runWithParams(Array)
#2 /Applications/MAMP/htdocs/yii/framework/web/CController.php(286): CController->runAction(Object(CInlineAction))
#3 /Applications/MAMP/htdocs/yii/framework/web/CController.php(265): CController->runActionWithFilters(Object(CInlineAction), Array)
#4 /Applications/MAMP/htdocs/yii/framework/web/CWebApplication.php(282): CController->run('formulario')
#5 /Applications/MAMP/htdocs/yii/framework/web/CWebApplication.php(141): CWebApplication->runController('Admin/Default/f...')
#6 /Applications/MAMP/htdocs/yii/framework/base/CApplication.php(185): CWebApplication->processRequest()
#7 /Applications/MAMP/htdocs/GPromo/index.php(13): CApplication->run()
#8 {main}
REQUEST_URI=/GPromo/index.php?r=Admin/Default/formulario
---
2017/03/12 18:10:45 [error] [exception.CException] CException: Alias "Admin.AdminModule" is invalid. Make sure it points to an existing PHP file and the file is readable. in /Applications/MAMP/htdocs/yii/framework/YiiBase.php:323
Stack trace:
#0 /Applications/MAMP/htdocs/yii/framework/YiiBase.php(196): YiiBase::import('Admin.AdminModu...', true)
#1 /Applications/MAMP/htdocs/yii/framework/base/CModule.php(282): YiiBase::createComponent(Array, 'Admin', NULL, Array)
#2 /Applications/MAMP/htdocs/yii/framework/web/CWebApplication.php(337): CModule->getModule('Admin')
#3 /Applications/MAMP/htdocs/yii/framework/web/CWebApplication.php(276): CWebApplication->createController('')
#4 /Applications/MAMP/htdocs/yii/framework/web/CWebApplication.php(141): CWebApplication->runController('Admin/')
#5 /Applications/MAMP/htdocs/yii/framework/base/CApplication.php(185): CWebApplication->processRequest()
#6 /Applications/MAMP/htdocs/GPromo/index.php(13): CApplication->run()
#7 {main}
REQUEST_URI=/GPromo/index.php?r=Admin/
---
2017/03/12 18:11:05 [error] [php] include(MyComponent.php): failed to open stream: No such file or directory (/Applications/MAMP/htdocs/yii/framework/YiiBase.php:432)
Stack trace:
#0 unknown(0): spl_autoload_call()
#1 /Applications/MAMP/htdocs/yii/framework/YiiBase.php(303): class_exists()
#2 /Applications/MAMP/htdocs/yii/framework/YiiBase.php(196): import()
#3 /Applications/MAMP/htdocs/yii/framework/base/CModule.php(393): createComponent()
#4 /Applications/MAMP/htdocs/yii/framework/base/CModule.php(103): CWebApplication->getComponent()
#5 /Applications/MAMP/htdocs/GPromo/protected/controllers/GPromoController.php(19): CWebApplication->__get()
#6 /Applications/MAMP/htdocs/yii/framework/web/actions/CInlineAction.php(49): GPromoController->actionIndex()
#7 /Applications/MAMP/htdocs/yii/framework/web/CController.php(308): CInlineAction->runWithParams()
#8 /Applications/MAMP/htdocs/yii/framework/web/CController.php(286): GPromoController->runAction()
#9 /Applications/MAMP/htdocs/yii/framework/web/CController.php(265): GPromoController->runActionWithFilters()
#10 /Applications/MAMP/htdocs/yii/framework/web/CWebApplication.php(282): GPromoController->run()
#11 /Applications/MAMP/htdocs/yii/framework/web/CWebApplication.php(141): CWebApplication->runController()
#12 /Applications/MAMP/htdocs/yii/framework/base/CApplication.php(185): CWebApplication->processRequest()
#13 /Applications/MAMP/htdocs/GPromo/index.php(13): CWebApplication->run()
REQUEST_URI=/GPromo/index.php?r=gPromo
in /Applications/MAMP/htdocs/GPromo/protected/controllers/GPromoController.php (19)
in /Applications/MAMP/htdocs/GPromo/index.php (13)
2017/03/12 18:11:29 [error] [php] Undefined variable: nom (/Applications/MAMP/htdocs/GPromo/protected/controllers/GPromoController.php:22)
Stack trace:
#0 /Applications/MAMP/htdocs/yii/framework/web/CController.php(286): GPromoController->runAction()
#1 /Applications/MAMP/htdocs/yii/framework/web/CController.php(265): GPromoController->runActionWithFilters()
#2 /Applications/MAMP/htdocs/yii/framework/web/CWebApplication.php(282): GPromoController->run()
#3 /Applications/MAMP/htdocs/yii/framework/web/CWebApplication.php(141): CWebApplication->runController()
#4 /Applications/MAMP/htdocs/yii/framework/base/CApplication.php(185): CWebApplication->processRequest()
#5 /Applications/MAMP/htdocs/GPromo/index.php(13): CWebApplication->run()
REQUEST_URI=/GPromo/index.php?r=gPromo
in /Applications/MAMP/htdocs/GPromo/protected/controllers/GPromoController.php (22)
in /Applications/MAMP/htdocs/GPromo/index.php (13)
2017/03/12 18:11:37 [error] [php] Trying to get property of non-object (/Applications/MAMP/htdocs/GPromo/protected/views/gPromo/index.php:5)
Stack trace:
#0 /Applications/MAMP/htdocs/yii/framework/web/CController.php(869): GPromoController->renderFile()
#1 /Applications/MAMP/htdocs/yii/framework/web/CController.php(782): GPromoController->renderPartial()
#2 /Applications/MAMP/htdocs/GPromo/protected/controllers/GPromoController.php(22): GPromoController->render()
#3 /Applications/MAMP/htdocs/yii/framework/web/actions/CInlineAction.php(49): GPromoController->actionIndex()
#4 /Applications/MAMP/htdocs/yii/framework/web/CController.php(308): CInlineAction->runWithParams()
#5 /Applications/MAMP/htdocs/yii/framework/web/CController.php(286): GPromoController->runAction()
#6 /Applications/MAMP/htdocs/yii/framework/web/CController.php(265): GPromoController->runActionWithFilters()
#7 /Applications/MAMP/htdocs/yii/framework/web/CWebApplication.php(282): GPromoController->run()
#8 /Applications/MAMP/htdocs/yii/framework/web/CWebApplication.php(141): CWebApplication->runController()
#9 /Applications/MAMP/htdocs/yii/framework/base/CApplication.php(185): CWebApplication->processRequest()
#10 /Applications/MAMP/htdocs/GPromo/index.php(13): CWebApplication->run()
REQUEST_URI=/GPromo/index.php?r=gPromo
in /Applications/MAMP/htdocs/GPromo/protected/views/gPromo/index.php (5)
in /Applications/MAMP/htdocs/GPromo/protected/controllers/GPromoController.php (22)
in /Applications/MAMP/htdocs/GPromo/index.php (13)
2017/03/12 18:12:23 [error] [php] Trying to get property of non-object (/Applications/MAMP/htdocs/GPromo/protected/views/gPromo/index.php:14)
Stack trace:
#0 /Applications/MAMP/htdocs/yii/framework/web/CController.php(869): GPromoController->renderFile()
#1 /Applications/MAMP/htdocs/yii/framework/web/CController.php(782): GPromoController->renderPartial()
#2 /Applications/MAMP/htdocs/GPromo/protected/controllers/GPromoController.php(22): GPromoController->render()
#3 /Applications/MAMP/htdocs/yii/framework/web/actions/CInlineAction.php(49): GPromoController->actionIndex()
#4 /Applications/MAMP/htdocs/yii/framework/web/CController.php(308): CInlineAction->runWithParams()
#5 /Applications/MAMP/htdocs/yii/framework/web/CController.php(286): GPromoController->runAction()
#6 /Applications/MAMP/htdocs/yii/framework/web/CController.php(265): GPromoController->runActionWithFilters()
#7 /Applications/MAMP/htdocs/yii/framework/web/CWebApplication.php(282): GPromoController->run()
#8 /Applications/MAMP/htdocs/yii/framework/web/CWebApplication.php(141): CWebApplication->runController()
#9 /Applications/MAMP/htdocs/yii/framework/base/CApplication.php(185): CWebApplication->processRequest()
#10 /Applications/MAMP/htdocs/GPromo/index.php(13): CWebApplication->run()
REQUEST_URI=/GPromo/index.php?r=gPromo
in /Applications/MAMP/htdocs/GPromo/protected/views/gPromo/index.php (14)
in /Applications/MAMP/htdocs/GPromo/protected/controllers/GPromoController.php (22)
in /Applications/MAMP/htdocs/GPromo/index.php (13)
2017/03/12 18:12:24 [error] [php] Trying to get property of non-object (/Applications/MAMP/htdocs/GPromo/protected/views/gPromo/index.php:14)
Stack trace:
#0 /Applications/MAMP/htdocs/yii/framework/web/CController.php(869): GPromoController->renderFile()
#1 /Applications/MAMP/htdocs/yii/framework/web/CController.php(782): GPromoController->renderPartial()
#2 /Applications/MAMP/htdocs/GPromo/protected/controllers/GPromoController.php(22): GPromoController->render()
#3 /Applications/MAMP/htdocs/yii/framework/web/actions/CInlineAction.php(49): GPromoController->actionIndex()
#4 /Applications/MAMP/htdocs/yii/framework/web/CController.php(308): CInlineAction->runWithParams()
#5 /Applications/MAMP/htdocs/yii/framework/web/CController.php(286): GPromoController->runAction()
#6 /Applications/MAMP/htdocs/yii/framework/web/CController.php(265): GPromoController->runActionWithFilters()
#7 /Applications/MAMP/htdocs/yii/framework/web/CWebApplication.php(282): GPromoController->run()
#8 /Applications/MAMP/htdocs/yii/framework/web/CWebApplication.php(141): CWebApplication->runController()
#9 /Applications/MAMP/htdocs/yii/framework/base/CApplication.php(185): CWebApplication->processRequest()
#10 /Applications/MAMP/htdocs/GPromo/index.php(13): CWebApplication->run()
REQUEST_URI=/GPromo/index.php?r=gPromo
in /Applications/MAMP/htdocs/GPromo/protected/views/gPromo/index.php (14)
in /Applications/MAMP/htdocs/GPromo/protected/controllers/GPromoController.php (22)
in /Applications/MAMP/htdocs/GPromo/index.php (13)
2017/03/12 18:13:44 [error] [exception.CHttpException.404] CHttpException: The system is unable to find the requested action "formulario". in /Applications/MAMP/htdocs/yii/framework/web/CController.php:483
Stack trace:
#0 /Applications/MAMP/htdocs/yii/framework/web/CController.php(270): CController->missingAction('formulario')
#1 /Applications/MAMP/htdocs/yii/framework/web/CWebApplication.php(282): CController->run('formulario')
#2 /Applications/MAMP/htdocs/yii/framework/web/CWebApplication.php(141): CWebApplication->runController('gPromo/formular...')
#3 /Applications/MAMP/htdocs/yii/framework/base/CApplication.php(185): CWebApplication->processRequest()
#4 /Applications/MAMP/htdocs/GPromo/index.php(13): CApplication->run()
#5 {main}
REQUEST_URI=/GPromo/index.php?r=gPromo/formulario
---
2017/03/12 18:13:52 [error] [exception.CHttpException.404] CHttpException: The system is unable to find the requested action "formulario". in /Applications/MAMP/htdocs/yii/framework/web/CController.php:483
Stack trace:
#0 /Applications/MAMP/htdocs/yii/framework/web/CController.php(270): CController->missingAction('formulario')
#1 /Applications/MAMP/htdocs/yii/framework/web/CWebApplication.php(282): CController->run('formulario')
#2 /Applications/MAMP/htdocs/yii/framework/web/CWebApplication.php(141): CWebApplication->runController('gPromo/formular...')
#3 /Applications/MAMP/htdocs/yii/framework/base/CApplication.php(185): CWebApplication->processRequest()
#4 /Applications/MAMP/htdocs/GPromo/index.php(13): CApplication->run()
#5 {main}
REQUEST_URI=/GPromo/index.php?r=gPromo/formulario
---
